#
# A fatal error has been detected by the Java Runtime Environment:
#
#  EXCEPTION_ACCESS_VIOLATION (0xc0000005) at pc=0x6d0b70d0, pid=2336, tid=4272
#
# JRE version: 6.0_26-b03
# Java VM: Java HotSpot(TM) Client VM (20.1-b02 mixed mode windows-x86 )
# Problematic frame:
# C  [awt.dll+0xb70d0]
#
# If you would like to submit a bug report, please visit:
#   http://java.sun.com/webapps/bugreport/crash.jsp
# The crash happened outside the Java Virtual Machine in native code.
# See problematic frame for where to report the bug.
#

---------------  T H R E A D  ---------------

Current thread (0x27edfc00):  JavaThread "AWT-Windows" daemon [_thread_in_native, id=4272, stack(0x282c0000,0x28310000)]

siginfo: ExceptionCode=0xc0000005, reading address 0x00000000

Registers:
EAX=0x2830f6c4, EBX=0x28af4bc8, ECX=0x00000030, EDX=0x000000c0
ESP=0x2830f6ac, EBP=0x2830f85c, ESI=0x00000000, EDI=0x000000c0
EIP=0x6d0b70d0, EFLAGS=0x00010216

Top of Stack: (sp=0x2830f6ac)
0x2830f6ac:   2830f6c4 00001000 000003f0 26c5df18
0x2830f6bc:   00000019 00000001 000003f0 6d0af2eb
0x2830f6cc:   00000000 26c5626c 00000000 26c5df18
0x2830f6dc:   2830f6b0 2830f85c 0000030c 000003f0
0x2830f6ec:   26c5df18 6d0b2cbf 447c0000 44430000
0x2830f6fc:   000003f0 0000030c 26c56258 6d0b3781
0x2830f70c:   6d0b3c1d 00000000 00000000 000003f0
0x2830f71c:   00000019 00009825 27edfd28 00000001 

Instructions: (pc=0x6d0b70d0)
0x6d0b70b0:   d8 56 8b b3 10 a0 00 00 1b c0 57 25 00 f0 ff ff
0x6d0b70c0:   05 00 20 00 00 50 c1 e2 05 8d 44 24 14 50 8b fa
0x6d0b70d0:   8b 16 57 c1 e1 05 51 56 ff 52 2c 85 c0 0f 8c 93
0x6d0b70e0:   00 00 00 8b 53 04 8b cf 8b 7c 24 10 8b c1 c1 e9 


Register to memory mapping:

EAX=0x2830f6c4 is pointing into the stack for thread: 0x27edfc00
EBX=0x28af4bc8 is an unknown value
ECX=0x00000030 is an unknown value
EDX=0x000000c0 is an unknown value
ESP=0x2830f6ac is pointing into the stack for thread: 0x27edfc00
EBP=0x2830f85c is pointing into the stack for thread: 0x27edfc00
ESI=0x00000000 is an unknown value
EDI=0x000000c0 is an unknown value


Stack: [0x282c0000,0x28310000],  sp=0x2830f6ac,  free space=317k
Native frames: (J=compiled Java code, j=interpreted, Vv=VM code, C=native code)
C  [awt.dll+0xb70d0]  D3DVertexCacher::Render+0x50
C  [awt.dll+0x9cd3a]  Java_sun_awt_windows_WToolkit_loadSystemColors+0x94a
C  [USER32.dll+0x8aa0]  DispatchMessageW+0x40
C  [USER32.dll+0x8c71]  CallNextHookEx+0x191
C  [USER32.dll+0x9fe1]  IsWindow+0x181
C  [USER32.dll+0xa1ef]  IsWindow+0x38f
C  [ntdll.dll+0x6c9a6]  KiUserCallbackDispatcher+0x36
C  [USER32.dll+0xa835]  PeekMessageW+0x185

Java frames: (J=compiled Java code, j=interpreted, Vv=VM code)
j  sun.awt.windows.WToolkit.eventLoop()V+0
j  sun.awt.windows.WToolkit.run()V+52
j  java.lang.Thread.run()V+11
v  ~StubRoutines::call_stub

---------------  P R O C E S S  ---------------

Java Threads: ( => current thread )
  0x28c7bc00 JavaThread "TimerQueue" daemon [_thread_blocked, id=5264, stack(0x2aab0000,0x2ab00000)]
  0x01798c00 JavaThread "DestroyJavaVM" [_thread_blocked, id=328, stack(0x01140000,0x01190000)]
  0x28b33c00 JavaThread "D3D Screen Updater" daemon [_thread_blocked, id=2652, stack(0x2a510000,0x2a560000)]
  0x289d9000 JavaThread "AWT-EventQueue-0" [_thread_in_native, id=1792, stack(0x2a3b0000,0x2a400000)]
  0x289d8000 JavaThread "AWT-Shutdown" [_thread_blocked, id=3780, stack(0x297e0000,0x29830000)]
=>0x27edfc00 JavaThread "AWT-Windows" daemon [_thread_in_native, id=4272, stack(0x282c0000,0x28310000)]
  0x27edec00 JavaThread "Java2D Disposer" daemon [_thread_blocked, id=1432, stack(0x27200000,0x27250000)]
  0x26c46000 JavaThread "Low Memory Detector" daemon [_thread_blocked, id=4692, stack(0x26de0000,0x26e30000)]
  0x26c3a800 JavaThread "C1 CompilerThread0" daemon [_thread_blocked, id=5380, stack(0x26d90000,0x26de0000)]
  0x26c38c00 JavaThread "Attach Listener" daemon [_thread_blocked, id=1840, stack(0x26d40000,0x26d90000)]
  0x26c36800 JavaThread "Signal Dispatcher" daemon [_thread_blocked, id=2572, stack(0x26cf0000,0x26d40000)]
  0x26c1d400 JavaThread "Finalizer" daemon [_thread_blocked, id=3800, stack(0x26ca0000,0x26cf0000)]
  0x26c18800 JavaThread "Reference Handler" daemon [_thread_blocked, id=1844, stack(0x01730000,0x01780000)]

Other Threads:
  0x26c15000 VMThread [stack: 0x016e0000,0x01730000] [id=2756]
  0x26c5fc00 WatcherThread [stack: 0x26e30000,0x26e80000] [id=1428]

VM state:not at safepoint (normal execution)

VM Mutex/Monitor currently owned by a thread: None

Heap
 def new generation   total 76864K, used 19473K [0x037a0000, 0x08b00000, 0x0de40000)
  eden space 68352K,  28% used [0x037a0000, 0x04aa4538, 0x07a60000)
  from space 8512K,   0% used [0x07a60000, 0x07a60000, 0x082b0000)
  to   space 8512K,   0% used [0x082b0000, 0x082b0000, 0x08b00000)
 tenured generation   total 170688K, used 25208K [0x0de40000, 0x184f0000, 0x22ba0000)
   the space 170688K,  14% used [0x0de40000, 0x0f6de388, 0x0f6de400, 0x184f0000)
 compacting perm gen  total 33792K, used 33569K [0x22ba0000, 0x24ca0000, 0x26ba0000)
   the space 33792K,  99% used [0x22ba0000, 0x24c68748, 0x24c68800, 0x24ca0000)
No shared spaces configured.

Code Cache  [0x017a0000, 0x01c10000, 0x037a0000)
 total_blobs=2815 nmethods=2586 adapters=162 free_code_cache=28907264 largest_free_block=256

Dynamic libraries:
0x00400000 - 0x00424000 	C:\Program Files\Protege_3.5\jre\bin\java.exe
0x77b30000 - 0x77c9a000 	C:\Windows\SYSTEM32\ntdll.dll
0x75ad0000 - 0x75bd0000 	C:\Windows\system32\KERNEL32.DLL
0x754d0000 - 0x755a9000 	C:\Windows\system32\KERNELBASE.dll
0x742b0000 - 0x74350000 	C:\Windows\system32\apphelp.dll
0x69730000 - 0x69996000 	C:\Windows\AppPatch\AcGenral.DLL
0x77a30000 - 0x77af3000 	C:\Windows\system32\msvcrt.dll
0x77280000 - 0x772c1000 	C:\Windows\SYSTEM32\sechost.dll
0x75390000 - 0x753b4000 	C:\Windows\system32\SspiCli.dll
0x75d90000 - 0x75dd5000 	C:\Windows\system32\SHLWAPI.dll
0x74370000 - 0x7445e000 	C:\Windows\SYSTEM32\UxTheme.dll
0x77450000 - 0x775a5000 	C:\Windows\system32\USER32.dll
0x75740000 - 0x75853000 	C:\Windows\system32\GDI32.dll
0x71c10000 - 0x71c33000 	C:\Windows\SYSTEM32\WINMM.dll
0x70070000 - 0x70083000 	C:\Windows\SYSTEM32\samcli.dll
0x75bd0000 - 0x75cf9000 	C:\Windows\system32\ole32.dll
0x75860000 - 0x758f5000 	C:\Windows\system32\OLEAUT32.dll
0x71ae0000 - 0x71af7000 	C:\Windows\SYSTEM32\MSACM32.dll
0x710f0000 - 0x710f8000 	C:\Windows\SYSTEM32\VERSION.dll
0x75ef0000 - 0x771ac000 	C:\Windows\system32\SHELL32.dll
0x74af0000 - 0x74b0b000 	C:\Windows\SYSTEM32\USERENV.dll
0x72b60000 - 0x72b7a000 	C:\Windows\SYSTEM32\dwmapi.dll
0x70df0000 - 0x70f3b000 	C:\Windows\SYSTEM32\urlmon.dll
0x77640000 - 0x776bc000 	C:\Windows\system32\ADVAPI32.dll
0x6db80000 - 0x6dbe5000 	C:\Windows\SYSTEM32\WINSPOOL.DRV
0x6b360000 - 0x6b376000 	C:\Windows\SYSTEM32\MPR.dll
0x771b0000 - 0x77280000 	C:\Windows\system32\RPCRT4.dll
0x772d0000 - 0x7744d000 	C:\Windows\SYSTEM32\combase.dll
0x71be0000 - 0x71c03000 	C:\Windows\SYSTEM32\WINMMBASE.dll
0x75310000 - 0x7531f000 	C:\Windows\SYSTEM32\profapi.dll
0x70bb0000 - 0x70de4000 	C:\Windows\SYSTEM32\iertutil.dll
0x709a0000 - 0x70bad000 	C:\Windows\SYSTEM32\WININET.dll
0x753c0000 - 0x753fc000 	C:\Windows\SYSTEM32\cfgmgr32.dll
0x744d0000 - 0x744f1000 	C:\Windows\SYSTEM32\DEVOBJ.dll
0x75d00000 - 0x75d8b000 	C:\Windows\system32\SHCORE.DLL
0x77a00000 - 0x77a26000 	C:\Windows\system32\IMM32.DLL
0x776c0000 - 0x777d2000 	C:\Windows\system32\MSCTF.dll
0x7c340000 - 0x7c396000 	C:\Program Files\Protege_3.5\jre\bin\msvcr71.dll
0x6d7f0000 - 0x6da9f000 	C:\Program Files\Protege_3.5\jre\bin\client\jvm.dll
0x6d7a0000 - 0x6d7ac000 	C:\Program Files\Protege_3.5\jre\bin\verify.dll
0x6d320000 - 0x6d33f000 	C:\Program Files\Protege_3.5\jre\bin\java.dll
0x75de0000 - 0x75de6000 	C:\Windows\system32\PSAPI.DLL
0x6d7e0000 - 0x6d7ef000 	C:\Program Files\Protege_3.5\jre\bin\zip.dll
0x6d600000 - 0x6d613000 	C:\Program Files\Protege_3.5\jre\bin\net.dll
0x75df0000 - 0x75e40000 	C:\Windows\system32\WS2_32.dll
0x77b20000 - 0x77b27000 	C:\Windows\system32\NSI.dll
0x74cd0000 - 0x74d1b000 	C:\Windows\system32\mswsock.dll
0x6d620000 - 0x6d629000 	C:\Program Files\Protege_3.5\jre\bin\nio.dll
0x6d000000 - 0x6d14b000 	C:\Program Files\Protege_3.5\jre\bin\awt.dll
0x72950000 - 0x72b56000 	C:\Windows\WinSxS\x86_microsoft.windows.common-controls_6595b64144ccf1df_6.0.9600.18006_none_a9ec6aab013aafee\COMCTL32.dll
0x6c390000 - 0x6c419000 	C:\Windows\WinSxS\x86_microsoft.windows.common-controls_6595b64144ccf1df_5.82.9600.17810_none_7c5b6194aa0716f1\comctl32.dll
0x6d230000 - 0x6d27f000 	C:\Program Files\Protege_3.5\jre\bin\fontmanager.dll
0x74360000 - 0x74369000 	C:\Windows\SYSTEM32\kernel.appcore.dll
0x75220000 - 0x7522a000 	C:\Windows\SYSTEM32\CRYPTBASE.dll
0x75170000 - 0x751c4000 	C:\Windows\SYSTEM32\bcryptPrimitives.dll
0x6dee0000 - 0x6e0b3000 	C:\Windows\system32\d3d9.dll
0x733d0000 - 0x735e8000 	C:\Windows\SYSTEM32\d3d10warp.dll
0x74d20000 - 0x74d39000 	C:\Windows\SYSTEM32\CRYPTSP.dll
0x749b0000 - 0x749e0000 	C:\Windows\system32\rsaenh.dll
0x74f10000 - 0x74f30000 	C:\Windows\SYSTEM32\bcrypt.dll
0x6f770000 - 0x6f781000 	C:\Windows\system32\napinsp.dll
0x6fa30000 - 0x6fa46000 	C:\Windows\system32\pnrpnsp.dll
0x72850000 - 0x72864000 	C:\Windows\system32\NLAapi.dll
0x74b40000 - 0x74bbe000 	C:\Windows\SYSTEM32\DNSAPI.dll
0x6ffc0000 - 0x6ffca000 	C:\Windows\System32\winrnr.dll
0x70230000 - 0x70238000 	C:\Windows\System32\rasadhlp.dll
0x72450000 - 0x72470000 	C:\Windows\SYSTEM32\IPHLPAPI.DLL
0x72410000 - 0x72418000 	C:\Windows\SYSTEM32\WINNSI.DLL
0x72280000 - 0x722c6000 	C:\Windows\System32\fwpuclnt.dll

VM Arguments:
jvm_args: -Xms262144000 -Xmx524288000 
java_command: com.zerog.lax.LAX C:/Program Files/Protege_3.5/Protege.lax C:/Users/Georgii/AppData/Local/Temp/laxBB2C.tmp C:\\Users\\Georgii\\Desktop\\triad\\TriadNS\\TriadNS\\bin\\Debug\\Ontologies\\ComputerNetwork.owl
Launcher Type: SUN_STANDARD

Environment Variables:
PATH=C:\Windows\system32;C:\Windows;C:\Windows\System32\Wbem;C:\Windows\System32\WindowsPowerShell\v1.0\;C:\Users\Georgii\.dnx\bin;C:\Program Files\Microsoft DNX\Dnvm\
USERNAME=Georgii
OS=Windows_NT
PROCESSOR_IDENTIFIER=x86 Family 15 Model 107 Stepping 2, AuthenticAMD



---------------  S Y S T E M  ---------------

OS: Windows NT 6.2 Build 9200 

CPU:total 2 (2 cores per cpu, 1 threads per core) family 15 model 107 stepping 2, cmov, cx8, fxsr, mmx, sse, sse2, sse3, mmxext, 3dnow, 3dnowext

Memory: 4k page, physical 2096436k(239460k free), swap 3603764k(915892k free)

vm_info: Java HotSpot(TM) Client VM (20.1-b02) for windows-x86 JRE (1.6.0_26-b03), built on May  4 2011 00:50:59 by "java_re" with MS VC++ 7.1 (VS2003)

time: Thu Jun 16 13:24:37 2016
elapsed time: 5787 seconds

